# JRE version: OpenJDK Runtime Environment Temurin-17.0.13+11 (17.0.13+11) (build 17.0.13+11)
# Java VM: OpenJDK 64-Bit Server VM Temurin-17.0.13+11 (17.0.13+11, mixed mode, tiered, compressed oops, compressed class ptrs, parallel gc, windows-amd64)
GC Precious Log:
 CPUs: 4 total, 4 available
 Memory: 16239M
 Large Page Support: Disabled
 NUMA Support: Disabled
 Compressed Oops: Enabled (32-bit)
 Alignments: Space 512K, Generation 512K, Heap 2M
 Heap Min Capacity: 100M
 Heap Initial Capacity: 100M
 Heap Max Capacity: 1G
 Pre-touch: Disabled
 Parallel Workers: 4
Heap:
 PSYoungGen      total 7168K, used 7107K [0x00000000eab00000, 0x00000000eb580000, 0x0000000100000000)
  eden space 5632K, 100% used [0x00000000eab00000,0x00000000eb080000,0x00000000eb080000)
  from space 1536K, 96% used [0x00000000eb080000,0x00000000eb1f0ea8,0x00000000eb200000)
  to   space 2560K, 0% used [0x00000000eb300000,0x00000000eb300000,0x00000000eb580000)
 ParOldGen       total 151552K, used 151233K [0x00000000c0000000, 0x00000000c9400000, 0x00000000eab00000)
  object space 151552K, 99% used [0x00000000c0000000,0x00000000c93b07b8,0x00000000c9400000)
 Metaspace       used 68724K, committed 69888K, reserved 1114112K
  class space    used 7332K, committed 7872K, reserved 1048576K
GC Heap History (20 events):
Event: 56.633 GC heap after
{Heap after GC invocations=72 (full 6):
 PSYoungGen      total 8704K, used 1011K [0x00000000eab00000, 0x00000000eb780000, 0x0000000100000000)
  eden space 7680K, 0% used [0x00000000eab00000,0x00000000eab00000,0x00000000eb280000)
  from space 1024K, 98% used [0x00000000eb680000,0x00000000eb77cff8,0x00000000eb780000)
  to   space 2048K, 0% used [0x00000000eb380000,0x00000000eb380000,0x00000000eb580000)
 ParOldGen       total 151552K, used 139134K [0x00000000c0000000, 0x00000000c9400000, 0x00000000eab00000)
  object space 151552K, 91% used [0x00000000c0000000,0x00000000c87dfb30,0x00000000c9400000)
 Metaspace       used 67680K, committed 68864K, reserved 1114112K
  class space    used 7235K, committed 7744K, reserved 1048576K
}
Event: 56.660 GC heap before
{Heap before GC invocations=73 (full 6):
 PSYoungGen      total 8704K, used 8678K [0x00000000eab00000, 0x00000000eb780000, 0x0000000100000000)
  eden space 7680K, 99% used [0x00000000eab00000,0x00000000eb27cae8,0x00000000eb280000)
  from space 1024K, 98% used [0x00000000eb680000,0x00000000eb77cff8,0x00000000eb780000)
  to   space 2048K, 0% used [0x00000000eb380000,0x00000000eb380000,0x00000000eb580000)
 ParOldGen       total 151552K, used 139134K [0x00000000c0000000, 0x00000000c9400000, 0x00000000eab00000)
  object space 151552K, 91% used [0x00000000c0000000,0x00000000c87dfb30,0x00000000c9400000)
 Metaspace       used 67687K, committed 68864K, reserved 1114112K
  class space    used 7235K, committed 7744K, reserved 1048576K
}
Event: 56.663 GC heap after
{Heap after GC invocations=73 (full 6):
 PSYoungGen      total 9728K, used 924K [0x00000000eab00000, 0x00000000eb700000, 0x0000000100000000)
  eden space 7680K, 0% used [0x00000000eab00000,0x00000000eab00000,0x00000000eb280000)
  from space 2048K, 45% used [0x00000000eb380000,0x00000000eb4673f0,0x00000000eb580000)
  to   space 1536K, 0% used [0x00000000eb580000,0x00000000eb580000,0x00000000eb700000)
 ParOldGen       total 151552K, used 139979K [0x00000000c0000000, 0x00000000c9400000, 0x00000000eab00000)
  object space 151552K, 92% used [0x00000000c0000000,0x00000000c88b2ec8,0x00000000c9400000)
 Metaspace       used 67687K, committed 68864K, reserved 1114112K
  class space    used 7235K, committed 7744K, reserved 1048576K
}
Event: 56.720 GC heap before
{Heap before GC invocations=74 (full 6):
 PSYoungGen      total 9728K, used 8604K [0x00000000eab00000, 0x00000000eb700000, 0x0000000100000000)
  eden space 7680K, 100% used [0x00000000eab00000,0x00000000eb280000,0x00000000eb280000)
  from space 2048K, 45% used [0x00000000eb380000,0x00000000eb4673f0,0x00000000eb580000)
  to   space 1536K, 0% used [0x00000000eb580000,0x00000000eb580000,0x00000000eb700000)
 ParOldGen       total 151552K, used 139979K [0x00000000c0000000, 0x00000000c9400000, 0x00000000eab00000)
  object space 151552K, 92% used [0x00000000c0000000,0x00000000c88b2ec8,0x00000000c9400000)
 Metaspace       used 67722K, committed 68864K, reserved 1114112K
  class space    used 7239K, committed 7744K, reserved 1048576K
}
Event: 56.723 GC heap after
{Heap after GC invocations=74 (full 6):
 PSYoungGen      total 8704K, used 977K [0x00000000eab00000, 0x00000000eb680000, 0x0000000100000000)
  eden space 7680K, 0% used [0x00000000eab00000,0x00000000eab00000,0x00000000eb280000)
  from space 1024K, 95% used [0x00000000eb580000,0x00000000eb6744f8,0x00000000eb680000)
  to   space 1024K, 0% used [0x00000000eb480000,0x00000000eb480000,0x00000000eb580000)
 ParOldGen       total 151552K, used 140780K [0x00000000c0000000, 0x00000000c9400000, 0x00000000eab00000)
  object space 151552K, 92% used [0x00000000c0000000,0x00000000c897b1c0,0x00000000c9400000)
 Metaspace       used 67722K, committed 68864K, reserved 1114112K
  class space    used 7239K, committed 7744K, reserved 1048576K
}
Event: 56.829 GC heap before
{Heap before GC invocations=75 (full 6):
 PSYoungGen      total 8704K, used 8657K [0x00000000eab00000, 0x00000000eb680000, 0x0000000100000000)
  eden space 7680K, 100% used [0x00000000eab00000,0x00000000eb280000,0x00000000eb280000)
  from space 1024K, 95% used [0x00000000eb580000,0x00000000eb6744f8,0x00000000eb680000)
  to   space 1024K, 0% used [0x00000000eb480000,0x00000000eb480000,0x00000000eb580000)
 ParOldGen       total 151552K, used 140780K [0x00000000c0000000, 0x00000000c9400000, 0x00000000eab00000)
  object space 151552K, 92% used [0x00000000c0000000,0x00000000c897b1c0,0x00000000c9400000)
 Metaspace       used 67888K, committed 69056K, reserved 1114112K
  class space    used 7257K, committed 7808K, reserved 1048576K
}
Event: 56.835 GC heap after
{Heap after GC invocations=75 (full 6):
 PSYoungGen      total 8704K, used 1024K [0x00000000eab00000, 0x00000000eb780000, 0x0000000100000000)
  eden space 7680K, 0% used [0x00000000eab00000,0x00000000eab00000,0x00000000eb280000)
  from space 1024K, 100% used [0x00000000eb480000,0x00000000eb580000,0x00000000eb580000)
  to   space 2048K, 0% used [0x00000000eb580000,0x00000000eb580000,0x00000000eb780000)
 ParOldGen       total 151552K, used 142007K [0x00000000c0000000, 0x00000000c9400000, 0x00000000eab00000)
  object space 151552K, 93% used [0x00000000c0000000,0x00000000c8aadc88,0x00000000c9400000)
 Metaspace       used 67888K, committed 69056K, reserved 1114112K
  class space    used 7257K, committed 7808K, reserved 1048576K
}
Event: 56.903 GC heap before
{Heap before GC invocations=76 (full 6):
 PSYoungGen      total 8704K, used 8704K [0x00000000eab00000, 0x00000000eb780000, 0x0000000100000000)
  eden space 7680K, 100% used [0x00000000eab00000,0x00000000eb280000,0x00000000eb280000)
  from space 1024K, 100% used [0x00000000eb480000,0x00000000eb580000,0x00000000eb580000)
  to   space 2048K, 0% used [0x00000000eb580000,0x00000000eb580000,0x00000000eb780000)
 ParOldGen       total 151552K, used 142007K [0x00000000c0000000, 0x00000000c9400000, 0x00000000eab00000)
  object space 151552K, 93% used [0x00000000c0000000,0x00000000c8aadc88,0x00000000c9400000)
 Metaspace       used 68178K, committed 69376K, reserved 1114112K
  class space    used 7280K, committed 7808K, reserved 1048576K
}
Event: 56.908 GC heap after
{Heap after GC invocations=76 (full 6):
 PSYoungGen      total 9728K, used 1541K [0x00000000eab00000, 0x00000000eb780000, 0x0000000100000000)
  eden space 7680K, 0% used [0x00000000eab00000,0x00000000eab00000,0x00000000eb280000)
  from space 2048K, 75% used [0x00000000eb580000,0x00000000eb701598,0x00000000eb780000)
  to   space 2048K, 0% used [0x00000000eb380000,0x00000000eb380000,0x00000000eb580000)
 ParOldGen       total 151552K, used 142968K [0x00000000c0000000, 0x00000000c9400000, 0x00000000eab00000)
  object space 151552K, 94% used [0x00000000c0000000,0x00000000c8b9e210,0x00000000c9400000)
 Metaspace       used 68178K, committed 69376K, reserved 1114112K
  class space    used 7280K, committed 7808K, reserved 1048576K
}
Event: 57.064 GC heap before
{Heap before GC invocations=77 (full 6):
 PSYoungGen      total 9728K, used 9221K [0x00000000eab00000, 0x00000000eb780000, 0x0000000100000000)
  eden space 7680K, 100% used [0x00000000eab00000,0x00000000eb280000,0x00000000eb280000)
  from space 2048K, 75% used [0x00000000eb580000,0x00000000eb701598,0x00000000eb780000)
  to   space 2048K, 0% used [0x00000000eb380000,0x00000000eb380000,0x00000000eb580000)
 ParOldGen       total 151552K, used 142968K [0x00000000c0000000, 0x00000000c9400000, 0x00000000eab00000)
  object space 151552K, 94% used [0x00000000c0000000,0x00000000c8b9e210,0x00000000c9400000)
 Metaspace       used 68375K, committed 69568K, reserved 1114112K
  class space    used 7303K, committed 7872K, reserved 1048576K
}
Event: 57.072 GC heap after
{Heap after GC invocations=77 (full 6):
 PSYoungGen      total 9728K, used 1913K [0x00000000eab00000, 0x00000000eb680000, 0x0000000100000000)
  eden space 7680K, 0% used [0x00000000eab00000,0x00000000eab00000,0x00000000eb280000)
  from space 2048K, 93% used [0x00000000eb380000,0x00000000eb55e530,0x00000000eb580000)
  to   space 1024K, 0% used [0x00000000eb580000,0x00000000eb580000,0x00000000eb680000)
 ParOldGen       total 151552K, used 144404K [0x00000000c0000000, 0x00000000c9400000, 0x00000000eab00000)
  object space 151552K, 95% used [0x00000000c0000000,0x00000000c8d05008,0x00000000c9400000)
 Metaspace       used 68375K, committed 69568K, reserved 1114112K
  class space    used 7303K, committed 7872K, reserved 1048576K
}
Event: 57.220 GC heap before
{Heap before GC invocations=78 (full 6):
 PSYoungGen      total 9728K, used 9593K [0x00000000eab00000, 0x00000000eb680000, 0x0000000100000000)
  eden space 7680K, 100% used [0x00000000eab00000,0x00000000eb280000,0x00000000eb280000)
  from space 2048K, 93% used [0x00000000eb380000,0x00000000eb55e530,0x00000000eb580000)
  to   space 1024K, 0% used [0x00000000eb580000,0x00000000eb580000,0x00000000eb680000)
 ParOldGen       total 151552K, used 144404K [0x00000000c0000000, 0x00000000c9400000, 0x00000000eab00000)
  object space 151552K, 95% used [0x00000000c0000000,0x00000000c8d05008,0x00000000c9400000)
 Metaspace       used 68687K, committed 69888K, reserved 1114112K
  class space    used 7331K, committed 7872K, reserved 1048576K
}
Event: 57.226 GC heap after
{Heap after GC invocations=78 (full 6):
 PSYoungGen      total 8192K, used 997K [0x00000000eab00000, 0x00000000eb980000, 0x0000000100000000)
  eden space 7168K, 0% used [0x00000000eab00000,0x00000000eab00000,0x00000000eb200000)
  from space 1024K, 97% used [0x00000000eb580000,0x00000000eb679488,0x00000000eb680000)
  to   space 3584K, 0% used [0x00000000eb200000,0x00000000eb200000,0x00000000eb580000)
 ParOldGen       total 151552K, used 146601K [0x00000000c0000000, 0x00000000c9400000, 0x00000000eab00000)
  object space 151552K, 96% used [0x00000000c0000000,0x00000000c8f2a6f0,0x00000000c9400000)
 Metaspace       used 68687K, committed 69888K, reserved 1114112K
  class space    used 7331K, committed 7872K, reserved 1048576K
}
Event: 57.291 GC heap before
{Heap before GC invocations=79 (full 6):
 PSYoungGen      total 8192K, used 8165K [0x00000000eab00000, 0x00000000eb980000, 0x0000000100000000)
  eden space 7168K, 100% used [0x00000000eab00000,0x00000000eb200000,0x00000000eb200000)
  from space 1024K, 97% used [0x00000000eb580000,0x00000000eb679488,0x00000000eb680000)
  to   space 3584K, 0% used [0x00000000eb200000,0x00000000eb200000,0x00000000eb580000)
 ParOldGen       total 151552K, used 146601K [0x00000000c0000000, 0x00000000c9400000, 0x00000000eab00000)
  object space 151552K, 96% used [0x00000000c0000000,0x00000000c8f2a6f0,0x00000000c9400000)
 Metaspace       used 68688K, committed 69888K, reserved 1114112K
  class space    used 7331K, committed 7872K, reserved 1048576K
}
Event: 57.298 GC heap after
{Heap after GC invocations=79 (full 6):
 PSYoungGen      total 9216K, used 1919K [0x00000000eab00000, 0x00000000eb700000, 0x0000000100000000)
  eden space 7168K, 0% used [0x00000000eab00000,0x00000000eab00000,0x00000000eb200000)
  from space 2048K, 93% used [0x00000000eb200000,0x00000000eb3dff10,0x00000000eb400000)
  to   space 2560K, 0% used [0x00000000eb480000,0x00000000eb480000,0x00000000eb700000)
 ParOldGen       total 151552K, used 147562K [0x00000000c0000000, 0x00000000c9400000, 0x00000000eab00000)
  object space 151552K, 97% used [0x00000000c0000000,0x00000000c901ab60,0x00000000c9400000)
 Metaspace       used 68688K, committed 69888K, reserved 1114112K
  class space    used 7331K, committed 7872K, reserved 1048576K
}
Event: 57.339 GC heap before
{Heap before GC invocations=80 (full 6):
 PSYoungGen      total 9216K, used 9087K [0x00000000eab00000, 0x00000000eb700000, 0x0000000100000000)
  eden space 7168K, 100% used [0x00000000eab00000,0x00000000eb200000,0x00000000eb200000)
  from space 2048K, 93% used [0x00000000eb200000,0x00000000eb3dff10,0x00000000eb400000)
  to   space 2560K, 0% used [0x00000000eb480000,0x00000000eb480000,0x00000000eb700000)
 ParOldGen       total 151552K, used 147562K [0x00000000c0000000, 0x00000000c9400000, 0x00000000eab00000)
  object space 151552K, 97% used [0x00000000c0000000,0x00000000c901ab60,0x00000000c9400000)
 Metaspace       used 68697K, committed 69888K, reserved 1114112K
  class space    used 7331K, committed 7872K, reserved 1048576K
}
Event: 57.344 GC heap after
{Heap after GC invocations=80 (full 6):
 PSYoungGen      total 8192K, used 2554K [0x00000000eab00000, 0x00000000eba00000, 0x0000000100000000)
  eden space 5632K, 0% used [0x00000000eab00000,0x00000000eab00000,0x00000000eb080000)
  from space 2560K, 99% used [0x00000000eb480000,0x00000000eb6fea28,0x00000000eb700000)
  to   space 4096K, 0% used [0x00000000eb080000,0x00000000eb080000,0x00000000eb480000)
 ParOldGen       total 151552K, used 148684K [0x00000000c0000000, 0x00000000c9400000, 0x00000000eab00000)
  object space 151552K, 98% used [0x00000000c0000000,0x00000000c9133150,0x00000000c9400000)
 Metaspace       used 68697K, committed 69888K, reserved 1114112K
  class space    used 7331K, committed 7872K, reserved 1048576K
}
Event: 57.394 GC heap before
{Heap before GC invocations=81 (full 6):
 PSYoungGen      total 8192K, used 8186K [0x00000000eab00000, 0x00000000eba00000, 0x0000000100000000)
  eden space 5632K, 100% used [0x00000000eab00000,0x00000000eb080000,0x00000000eb080000)
  from space 2560K, 99% used [0x00000000eb480000,0x00000000eb6fea28,0x00000000eb700000)
  to   space 4096K, 0% used [0x00000000eb080000,0x00000000eb080000,0x00000000eb480000)
 ParOldGen       total 151552K, used 148684K [0x00000000c0000000, 0x00000000c9400000, 0x00000000eab00000)
  object space 151552K, 98% used [0x00000000c0000000,0x00000000c9133150,0x00000000c9400000)
 Metaspace       used 68722K, committed 69888K, reserved 1114112K
  class space    used 7332K, committed 7872K, reserved 1048576K
}
Event: 57.403 GC heap after
{Heap after GC invocations=81 (full 6):
 PSYoungGen      total 7168K, used 1475K [0x00000000eab00000, 0x00000000eb580000, 0x0000000100000000)
  eden space 5632K, 0% used [0x00000000eab00000,0x00000000eab00000,0x00000000eb080000)
  from space 1536K, 96% used [0x00000000eb080000,0x00000000eb1f0ea8,0x00000000eb200000)
  to   space 2560K, 0% used [0x00000000eb300000,0x00000000eb300000,0x00000000eb580000)
 ParOldGen       total 151552K, used 151233K [0x00000000c0000000, 0x00000000c9400000, 0x00000000eab00000)
  object space 151552K, 99% used [0x00000000c0000000,0x00000000c93b07b8,0x00000000c9400000)
 Metaspace       used 68722K, committed 69888K, reserved 1114112K
  class space    used 7332K, committed 7872K, reserved 1048576K
}
Event: 57.454 GC heap before
{Heap before GC invocations=82 (full 7):
 PSYoungGen      total 7168K, used 7107K [0x00000000eab00000, 0x00000000eb580000, 0x0000000100000000)
  eden space 5632K, 100% used [0x00000000eab00000,0x00000000eb080000,0x00000000eb080000)
  from space 1536K, 96% used [0x00000000eb080000,0x00000000eb1f0ea8,0x00000000eb200000)
  to   space 2560K, 0% used [0x00000000eb300000,0x00000000eb300000,0x00000000eb580000)
 ParOldGen       total 151552K, used 151233K [0x00000000c0000000, 0x00000000c9400000, 0x00000000eab00000)
  object space 151552K, 99% used [0x00000000c0000000,0x00000000c93b07b8,0x00000000c9400000)
 Metaspace       used 68724K, committed 69888K, reserved 1114112K
  class space    used 7332K, committed 7872K, reserved 1048576K
}

